<?xml version="1.0" encoding="UTF-8"?>
<testsuite xmlns:xsi="http://www.w3.org/2001/XMLSchema-instance" xsi:noNamespaceSchemaLocation="https://maven.apache.org/surefire/maven-surefire-plugin/xsd/surefire-test-report-3.0.xsd" version="3.0" name="TestSuite" time="170.973" tests="5" errors="0" skipped="0" failures="0">
  <properties>
    <property name="sun.desktop" value="windows"/>
    <property name="awt.toolkit" value="sun.awt.windows.WToolkit"/>
    <property name="java.specification.version" value="1.8"/>
    <property name="file.encoding.pkg" value="sun.io"/>
    <property name="webdriver.chrome.driver" value="src/main/resources/chromedriver.exe"/>
    <property name="sun.cpu.isalist" value="amd64"/>
    <property name="sun.jnu.encoding" value="Cp1252"/>
    <property name="java.class.path" value="D:\Saima\Users\saima.tabassum\Documents\GitHub\Douglas_Ecommerce\target\test-classes;D:\Saima\Users\saima.tabassum\Documents\GitHub\Douglas_Ecommerce\target\classes;C:\Users\saima.tabassum\.m2\repository\net\sourceforge\lept4j\lept4j\1.6.4\lept4j-1.6.4.jar;C:\Users\saima.tabassum\.m2\repository\net\java\dev\jna\jna\4.1.0\jna-4.1.0.jar;C:\Users\saima.tabassum\.m2\repository\commons-io\commons-io\2.6\commons-io-2.6.jar;C:\Users\saima.tabassum\.m2\repository\com\github\jai-imageio\jai-imageio-core\1.4.0\jai-imageio-core-1.4.0.jar;C:\Users\saima.tabassum\.m2\repository\org\slf4j\slf4j-api\1.7.25\slf4j-api-1.7.25.jar;C:\Users\saima.tabassum\.m2\repository\org\seleniumhq\selenium\selenium-chrome-driver\3.141.59\selenium-chrome-driver-3.141.59.jar;C:\Users\saima.tabassum\.m2\repository\org\seleniumhq\selenium\selenium-api\3.141.59\selenium-api-3.141.59.jar;C:\Users\saima.tabassum\.m2\repository\org\seleniumhq\selenium\selenium-remote-driver\3.141.59\selenium-remote-driver-3.141.59.jar;C:\Users\saima.tabassum\.m2\repository\net\bytebuddy\byte-buddy\1.8.15\byte-buddy-1.8.15.jar;C:\Users\saima.tabassum\.m2\repository\org\apache\commons\commons-exec\1.3\commons-exec-1.3.jar;C:\Users\saima.tabassum\.m2\repository\com\google\guava\guava\25.0-jre\guava-25.0-jre.jar;C:\Users\saima.tabassum\.m2\repository\com\google\code\findbugs\jsr305\1.3.9\jsr305-1.3.9.jar;C:\Users\saima.tabassum\.m2\repository\org\checkerframework\checker-compat-qual\2.0.0\checker-compat-qual-2.0.0.jar;C:\Users\saima.tabassum\.m2\repository\com\google\errorprone\error_prone_annotations\2.1.3\error_prone_annotations-2.1.3.jar;C:\Users\saima.tabassum\.m2\repository\com\google\j2objc\j2objc-annotations\1.1\j2objc-annotations-1.1.jar;C:\Users\saima.tabassum\.m2\repository\org\codehaus\mojo\animal-sniffer-annotations\1.14\animal-sniffer-annotations-1.14.jar;C:\Users\saima.tabassum\.m2\repository\com\squareup\okhttp3\okhttp\3.11.0\okhttp-3.11.0.jar;C:\Users\saima.tabassum\.m2\repository\com\squareup\okio\okio\1.14.0\okio-1.14.0.jar;C:\Users\saima.tabassum\.m2\repository\org\seleniumhq\selenium\selenium-support\3.141.59\selenium-support-3.141.59.jar;C:\Users\saima.tabassum\.m2\repository\net\sourceforge\tess4j\tess4j\3.4.8\tess4j-3.4.8.jar;C:\Users\saima.tabassum\.m2\repository\org\ghost4j\ghost4j\1.0.1\ghost4j-1.0.1.jar;C:\Users\saima.tabassum\.m2\repository\log4j\log4j\1.2.17\log4j-1.2.17.jar;C:\Users\saima.tabassum\.m2\repository\commons-beanutils\commons-beanutils\1.9.2\commons-beanutils-1.9.2.jar;C:\Users\saima.tabassum\.m2\repository\commons-collections\commons-collections\3.2.1\commons-collections-3.2.1.jar;C:\Users\saima.tabassum\.m2\repository\org\apache\xmlgraphics\xmlgraphics-commons\1.4\xmlgraphics-commons-1.4.jar;C:\Users\saima.tabassum\.m2\repository\com\lowagie\itext\2.1.7\itext-2.1.7.jar;C:\Users\saima.tabassum\.m2\repository\org\apache\pdfbox\pdfbox-tools\2.0.9\pdfbox-tools-2.0.9.jar;C:\Users\saima.tabassum\.m2\repository\org\apache\pdfbox\pdfbox-debugger\2.0.9\pdfbox-debugger-2.0.9.jar;C:\Users\saima.tabassum\.m2\repository\org\apache\pdfbox\jbig2-imageio\3.0.0\jbig2-imageio-3.0.0.jar;C:\Users\saima.tabassum\.m2\repository\org\jboss\jboss-vfs\3.2.12.Final\jboss-vfs-3.2.12.Final.jar;C:\Users\saima.tabassum\.m2\repository\org\jboss\logging\jboss-logging\3.1.4.GA\jboss-logging-3.1.4.GA.jar;C:\Users\saima.tabassum\.m2\repository\ch\qos\logback\logback-classic\1.2.3\logback-classic-1.2.3.jar;C:\Users\saima.tabassum\.m2\repository\ch\qos\logback\logback-core\1.2.3\logback-core-1.2.3.jar;C:\Users\saima.tabassum\.m2\repository\org\slf4j\jul-to-slf4j\1.7.25\jul-to-slf4j-1.7.25.jar;C:\Users\saima.tabassum\.m2\repository\org\slf4j\jcl-over-slf4j\1.7.25\jcl-over-slf4j-1.7.25.jar;C:\Users\saima.tabassum\.m2\repository\org\slf4j\log4j-over-slf4j\1.7.25\log4j-over-slf4j-1.7.25.jar;C:\Users\saima.tabassum\.m2\repository\org\apache\pdfbox\pdfbox\2.0.21\pdfbox-2.0.21.jar;C:\Users\saima.tabassum\.m2\repository\org\apache\pdfbox\fontbox\2.0.21\fontbox-2.0.21.jar;C:\Users\saima.tabassum\.m2\repository\commons-logging\commons-logging\1.2\commons-logging-1.2.jar;C:\Users\saima.tabassum\.m2\repository\org\testng\testng\6.14.3\testng-6.14.3.jar;C:\Users\saima.tabassum\.m2\repository\com\beust\jcommander\1.72\jcommander-1.72.jar;C:\Users\saima.tabassum\.m2\repository\org\apache-extras\beanshell\bsh\2.0b6\bsh-2.0b6.jar;"/>
    <property name="java.vm.vendor" value="Oracle Corporation"/>
    <property name="jna.library.path" value="C:\Users\SAIMA~1.TAB\AppData\Local\Temp\tess4j\win32-x86-64"/>
    <property name="sun.arch.data.model" value="64"/>
    <property name="user.variant" value=""/>
    <property name="java.vendor.url" value="http://java.oracle.com/"/>
    <property name="user.timezone" value="Asia/Karachi"/>
    <property name="java.vm.specification.version" value="1.8"/>
    <property name="os.name" value="Windows 10"/>
    <property name="user.country" value="US"/>
    <property name="sun.java.launcher" value="SUN_STANDARD"/>
    <property name="sun.boot.library.path" value="C:\Program Files\Java\jdk1.8.0_231\jre\bin"/>
    <property name="sun.java.command" value="C:\Users\saima.tabassum\AppData\Local\Temp\surefire2153002261253217620\surefirebooter2448802225844725361.jar C:\Users\saima.tabassum\AppData\Local\Temp\surefire2153002261253217620 2020-10-21T21-15-34_719-jvmRun1 surefire6471565548186871389tmp surefire_02703056127604490971tmp"/>
    <property name="surefire.test.class.path" value="D:\Saima\Users\saima.tabassum\Documents\GitHub\Douglas_Ecommerce\target\test-classes;D:\Saima\Users\saima.tabassum\Documents\GitHub\Douglas_Ecommerce\target\classes;C:\Users\saima.tabassum\.m2\repository\net\sourceforge\lept4j\lept4j\1.6.4\lept4j-1.6.4.jar;C:\Users\saima.tabassum\.m2\repository\net\java\dev\jna\jna\4.1.0\jna-4.1.0.jar;C:\Users\saima.tabassum\.m2\repository\commons-io\commons-io\2.6\commons-io-2.6.jar;C:\Users\saima.tabassum\.m2\repository\com\github\jai-imageio\jai-imageio-core\1.4.0\jai-imageio-core-1.4.0.jar;C:\Users\saima.tabassum\.m2\repository\org\slf4j\slf4j-api\1.7.25\slf4j-api-1.7.25.jar;C:\Users\saima.tabassum\.m2\repository\org\seleniumhq\selenium\selenium-chrome-driver\3.141.59\selenium-chrome-driver-3.141.59.jar;C:\Users\saima.tabassum\.m2\repository\org\seleniumhq\selenium\selenium-api\3.141.59\selenium-api-3.141.59.jar;C:\Users\saima.tabassum\.m2\repository\org\seleniumhq\selenium\selenium-remote-driver\3.141.59\selenium-remote-driver-3.141.59.jar;C:\Users\saima.tabassum\.m2\repository\net\bytebuddy\byte-buddy\1.8.15\byte-buddy-1.8.15.jar;C:\Users\saima.tabassum\.m2\repository\org\apache\commons\commons-exec\1.3\commons-exec-1.3.jar;C:\Users\saima.tabassum\.m2\repository\com\google\guava\guava\25.0-jre\guava-25.0-jre.jar;C:\Users\saima.tabassum\.m2\repository\com\google\code\findbugs\jsr305\1.3.9\jsr305-1.3.9.jar;C:\Users\saima.tabassum\.m2\repository\org\checkerframework\checker-compat-qual\2.0.0\checker-compat-qual-2.0.0.jar;C:\Users\saima.tabassum\.m2\repository\com\google\errorprone\error_prone_annotations\2.1.3\error_prone_annotations-2.1.3.jar;C:\Users\saima.tabassum\.m2\repository\com\google\j2objc\j2objc-annotations\1.1\j2objc-annotations-1.1.jar;C:\Users\saima.tabassum\.m2\repository\org\codehaus\mojo\animal-sniffer-annotations\1.14\animal-sniffer-annotations-1.14.jar;C:\Users\saima.tabassum\.m2\repository\com\squareup\okhttp3\okhttp\3.11.0\okhttp-3.11.0.jar;C:\Users\saima.tabassum\.m2\repository\com\squareup\okio\okio\1.14.0\okio-1.14.0.jar;C:\Users\saima.tabassum\.m2\repository\org\seleniumhq\selenium\selenium-support\3.141.59\selenium-support-3.141.59.jar;C:\Users\saima.tabassum\.m2\repository\net\sourceforge\tess4j\tess4j\3.4.8\tess4j-3.4.8.jar;C:\Users\saima.tabassum\.m2\repository\org\ghost4j\ghost4j\1.0.1\ghost4j-1.0.1.jar;C:\Users\saima.tabassum\.m2\repository\log4j\log4j\1.2.17\log4j-1.2.17.jar;C:\Users\saima.tabassum\.m2\repository\commons-beanutils\commons-beanutils\1.9.2\commons-beanutils-1.9.2.jar;C:\Users\saima.tabassum\.m2\repository\commons-collections\commons-collections\3.2.1\commons-collections-3.2.1.jar;C:\Users\saima.tabassum\.m2\repository\org\apache\xmlgraphics\xmlgraphics-commons\1.4\xmlgraphics-commons-1.4.jar;C:\Users\saima.tabassum\.m2\repository\com\lowagie\itext\2.1.7\itext-2.1.7.jar;C:\Users\saima.tabassum\.m2\repository\org\apache\pdfbox\pdfbox-tools\2.0.9\pdfbox-tools-2.0.9.jar;C:\Users\saima.tabassum\.m2\repository\org\apache\pdfbox\pdfbox-debugger\2.0.9\pdfbox-debugger-2.0.9.jar;C:\Users\saima.tabassum\.m2\repository\org\apache\pdfbox\jbig2-imageio\3.0.0\jbig2-imageio-3.0.0.jar;C:\Users\saima.tabassum\.m2\repository\org\jboss\jboss-vfs\3.2.12.Final\jboss-vfs-3.2.12.Final.jar;C:\Users\saima.tabassum\.m2\repository\org\jboss\logging\jboss-logging\3.1.4.GA\jboss-logging-3.1.4.GA.jar;C:\Users\saima.tabassum\.m2\repository\ch\qos\logback\logback-classic\1.2.3\logback-classic-1.2.3.jar;C:\Users\saima.tabassum\.m2\repository\ch\qos\logback\logback-core\1.2.3\logback-core-1.2.3.jar;C:\Users\saima.tabassum\.m2\repository\org\slf4j\jul-to-slf4j\1.7.25\jul-to-slf4j-1.7.25.jar;C:\Users\saima.tabassum\.m2\repository\org\slf4j\jcl-over-slf4j\1.7.25\jcl-over-slf4j-1.7.25.jar;C:\Users\saima.tabassum\.m2\repository\org\slf4j\log4j-over-slf4j\1.7.25\log4j-over-slf4j-1.7.25.jar;C:\Users\saima.tabassum\.m2\repository\org\apache\pdfbox\pdfbox\2.0.21\pdfbox-2.0.21.jar;C:\Users\saima.tabassum\.m2\repository\org\apache\pdfbox\fontbox\2.0.21\fontbox-2.0.21.jar;C:\Users\saima.tabassum\.m2\repository\commons-logging\commons-logging\1.2\commons-logging-1.2.jar;C:\Users\saima.tabassum\.m2\repository\org\testng\testng\6.14.3\testng-6.14.3.jar;C:\Users\saima.tabassum\.m2\repository\com\beust\jcommander\1.72\jcommander-1.72.jar;C:\Users\saima.tabassum\.m2\repository\org\apache-extras\beanshell\bsh\2.0b6\bsh-2.0b6.jar;"/>
    <property name="sun.cpu.endian" value="little"/>
    <property name="user.home" value="C:\Users\saima.tabassum"/>
    <property name="user.language" value="en"/>
    <property name="java.specification.vendor" value="Oracle Corporation"/>
    <property name="java.home" value="C:\Program Files\Java\jdk1.8.0_231\jre"/>
    <property name="basedir" value="D:\Saima\Users\saima.tabassum\Documents\GitHub\Douglas_Ecommerce"/>
    <property name="file.separator" value="\"/>
    <property name="line.separator" value="&#10;"/>
    <property name="java.vm.specification.vendor" value="Oracle Corporation"/>
    <property name="java.specification.name" value="Java Platform API Specification"/>
    <property name="java.awt.graphicsenv" value="sun.awt.Win32GraphicsEnvironment"/>
    <property name="surefire.real.class.path" value="C:\Users\saima.tabassum\AppData\Local\Temp\surefire2153002261253217620\surefirebooter2448802225844725361.jar"/>
    <property name="sun.boot.class.path" value="C:\Program Files\Java\jdk1.8.0_231\jre\lib\resources.jar;C:\Program Files\Java\jdk1.8.0_231\jre\lib\rt.jar;C:\Program Files\Java\jdk1.8.0_231\jre\lib\sunrsasign.jar;C:\Program Files\Java\jdk1.8.0_231\jre\lib\jsse.jar;C:\Program Files\Java\jdk1.8.0_231\jre\lib\jce.jar;C:\Program Files\Java\jdk1.8.0_231\jre\lib\charsets.jar;C:\Program Files\Java\jdk1.8.0_231\jre\lib\jfr.jar;C:\Program Files\Java\jdk1.8.0_231\jre\classes"/>
    <property name="user.script" value=""/>
    <property name="sun.management.compiler" value="HotSpot 64-Bit Tiered Compilers"/>
    <property name="java.runtime.version" value="1.8.0_231-b11"/>
    <property name="user.name" value="saima.tabassum"/>
    <property name="path.separator" value=";"/>
    <property name="os.version" value="10.0"/>
    <property name="java.endorsed.dirs" value="C:\Program Files\Java\jdk1.8.0_231\jre\lib\endorsed"/>
    <property name="java.runtime.name" value="Java(TM) SE Runtime Environment"/>
    <property name="file.encoding" value="Cp1252"/>
    <property name="jnidispatch.path" value="C:\Users\SAIMA~1.TAB\AppData\Local\Temp\jna-1638951619\jna3567388219665534099.dll"/>
    <property name="java.vm.name" value="Java HotSpot(TM) 64-Bit Server VM"/>
    <property name="localRepository" value="C:\Users\saima.tabassum\.m2\repository"/>
    <property name="java.vendor.url.bug" value="http://bugreport.sun.com/bugreport/"/>
    <property name="java.io.tmpdir" value="C:\Users\SAIMA~1.TAB\AppData\Local\Temp\"/>
    <property name="java.version" value="1.8.0_231"/>
    <property name="user.dir" value="D:\Saima\Users\saima.tabassum\Documents\GitHub\Douglas_Ecommerce"/>
    <property name="os.arch" value="amd64"/>
    <property name="java.vm.specification.name" value="Java Virtual Machine Specification"/>
    <property name="java.awt.printerjob" value="sun.awt.windows.WPrinterJob"/>
    <property name="sun.os.patch.level" value=""/>
    <property name="java.library.path" value="C:\Program Files\Java\jdk1.8.0_231\jre\bin;C:\Windows\Sun\Java\bin;C:\Windows\system32;C:\Windows;C:/Program Files (x86)/Java/bin/server;C:/Program Files (x86)/Java/bin;C:/Program Files (x86)/Java/lib/amd64;C:\Program Files\Python38\Scripts\;C:\Program Files\Python38\;C:\Users\saima.tabassum\AppData\Local\Programs\Python\Python38\Scripts\;C:\Users\saima.tabassum\AppData\Local\Programs\Python\Python38\;C:\Users\saima.tabassum\AppData\Local\Programs\Python\Python38-32\Scripts\;C:\Users\saima.tabassum\AppData\Local\Programs\Python\Python38-32\;C:\ProgramData\DockerDesktop\version-bin;C:\Program Files\Docker\Docker\Resources\bin;C:\Program Files (x86)\Common Files\Oracle\Java\javapath;C:\Windows\system32;C:\Windows;C:\Windows\System32\Wbem;C:\Windows\System32\WindowsPowerShell\v1.0\;C:\Windows\System32\OpenSSH\;D:\Automation Dependencies\apache-maven-3.6.2\bin;C:\Program Files\Java\jdk1.8.0_241\bin;C:\ProgramData\chocolatey\bin;D:\Saima\Users\saima.tabassum\Downloads\apache-jmeter-5.3\apache-jmeter-5.3\bin;C:\Python27;C:\Python27\Scripts\;C:\Program Files\Git\cmd;C:\Users\saima.tabassum\AppData\Local\Microsoft\WindowsApps;C:\Program Files\JetBrains\PyCharm Community Edition 2020.1.2\bin;C:\Users\saima.tabassum\AppData\Roaming\npm;D:\Saima\Users\saima.tabassum\Desktop;;."/>
    <property name="java.vm.info" value="mixed mode"/>
    <property name="java.vendor" value="Oracle Corporation"/>
    <property name="java.vm.version" value="25.231-b11"/>
    <property name="jna.encoding" value="UTF8"/>
    <property name="java.ext.dirs" value="C:\Program Files\Java\jdk1.8.0_231\jre\lib\ext;C:\Windows\Sun\Java\lib\ext"/>
    <property name="sun.io.unicode.encoding" value="UnicodeLittle"/>
    <property name="java.class.version" value="52.0"/>
  </properties>
  <testcase name="testSuccessfulLogin" classname="login.LoginTests" time="26.793">
    <system-err><![CDATA[Starting ChromeDriver 86.0.4240.22 (398b0743353ff36fb1b82468f63a3a93b4e2e89e-refs/branch-heads/4240@{#378}) on port 6496
Only local connections are allowed.
Please see https://chromedriver.chromium.org/security-considerations for suggestions on keeping ChromeDriver safe.
ChromeDriver was started successfully.
Oct 21, 2020 9:15:41 PM org.openqa.selenium.remote.ProtocolHandshake createSession
INFO: Detected dialect: W3C
]]></system-err>
  </testcase>
  <testcase name="testLogout" classname="login.LoginTests" time="40.296"/>
  <testcase name="testNavigateToSignIn" classname="login.LoginTests" time="35.56"/>
  <testcase name="testInvalidLoginCredentials" classname="login.LoginTests" time="17.438"/>
  <testcase name="testForgotPassword" classname="login.LoginTests" time="33.12">
    <system-out><![CDATA[final captcha = 
OCR Not able to recognize the code
]]></system-out>
  </testcase>
</testsuite>